<?xml version="1.0" encoding="UTF-8"?>
<testsuite name="practical1.NumberToolsTest" tests="2" skipped="0" failures="0" errors="0" timestamp="2023-09-28T19:04:52" hostname="RAZER-BLADE-15-" time="0.028">
  <properties/>
  <testcase name="testParse" classname="practical1.NumberToolsTest" time="0.008"/>
  <testcase name="testComputeStatistic" classname="practical1.NumberToolsTest" time="0.019"/>
  <system-out><![CDATA[]]></system-out>
  <system-err><![CDATA[]]></system-err>
</testsuite>
